[Fri Nov 18 08:43:24.230169 2022] [ssl:warn] [pid 1940:tid 372] AH01909: transtama-jobsheet:443:0 server certificate does NOT include an ID which matches the server name
[Fri Nov 18 08:43:24.276519 2022] [ssl:warn] [pid 1940:tid 372] AH01909: transtama-jobsheet:443:0 server certificate does NOT include an ID which matches the server name
[Fri Nov 18 08:43:24.823793 2022] [ssl:warn] [pid 4380:tid 396] AH01909: transtama-jobsheet:443:0 server certificate does NOT include an ID which matches the server name
[Fri Nov 18 08:43:24.870453 2022] [ssl:warn] [pid 4380:tid 396] AH01909: transtama-jobsheet:443:0 server certificate does NOT include an ID which matches the server name
[Fri Nov 18 09:18:45.959472 2022] [php7:error] [pid 4380:tid 1948] [client 127.0.0.1:64823] PHP Fatal error:  Maximum execution time of 30 seconds exceeded in C:\\laragon\\www\\transtama-jobsheet\\system\\database\\drivers\\mysqli\\mysqli_driver.php on line 307, referer: https://transtama-jobsheet/finance/dashboard
[Fri Nov 18 09:20:29.776628 2022] [ssl:warn] [pid 7128:tid 364] AH01909: transtama-jobsheet.local:443:0 server certificate does NOT include an ID which matches the server name
[Fri Nov 18 09:20:29.838613 2022] [ssl:warn] [pid 7128:tid 364] AH01909: transtama-jobsheet.local:443:0 server certificate does NOT include an ID which matches the server name
[Fri Nov 18 09:20:30.246646 2022] [ssl:warn] [pid 16300:tid 420] AH01909: transtama-jobsheet.local:443:0 server certificate does NOT include an ID which matches the server name
[Fri Nov 18 09:20:30.298647 2022] [ssl:warn] [pid 16300:tid 420] AH01909: transtama-jobsheet.local:443:0 server certificate does NOT include an ID which matches the server name
[Fri Nov 18 09:21:22.631206 2022] [php7:error] [pid 16300:tid 1908] [client 127.0.0.1:65045] PHP Fatal error:  Maximum execution time of 30 seconds exceeded in C:\\laragon\\www\\transtama-jobsheet\\system\\database\\drivers\\mysqli\\mysqli_driver.php on line 307, referer: https://transtama-jobsheet.local/finance/dashboard
[Fri Nov 18 09:22:13.486960 2022] [php7:error] [pid 16300:tid 1896] [client 127.0.0.1:65123] PHP Fatal error:  Maximum execution time of 30 seconds exceeded in C:\\laragon\\www\\transtama-jobsheet\\system\\database\\drivers\\mysqli\\mysqli_driver.php on line 307
[Fri Nov 18 09:24:37.431459 2022] [php7:error] [pid 16300:tid 1908] [client 127.0.0.1:65297] PHP Fatal error:  Maximum execution time of 30 seconds exceeded in C:\\laragon\\www\\transtama-jobsheet\\system\\database\\drivers\\mysqli\\mysqli_driver.php on line 307
[Fri Nov 18 09:24:47.068150 2022] [ssl:warn] [pid 14464:tid 376] AH01909: transtama-jobsheet.local:443:0 server certificate does NOT include an ID which matches the server name
[Fri Nov 18 09:24:47.130677 2022] [ssl:warn] [pid 14464:tid 376] AH01909: transtama-jobsheet.local:443:0 server certificate does NOT include an ID which matches the server name
[Fri Nov 18 09:24:47.578656 2022] [ssl:warn] [pid 11496:tid 392] AH01909: transtama-jobsheet.local:443:0 server certificate does NOT include an ID which matches the server name
[Fri Nov 18 09:24:47.624900 2022] [ssl:warn] [pid 11496:tid 392] AH01909: transtama-jobsheet.local:443:0 server certificate does NOT include an ID which matches the server name
[Fri Nov 18 15:40:29.703674 2022] [ssl:warn] [pid 11220:tid 376] AH01909: transtama-jobsheet.local:443:0 server certificate does NOT include an ID which matches the server name
[Fri Nov 18 15:40:29.766188 2022] [ssl:warn] [pid 11220:tid 376] AH01909: transtama-jobsheet.local:443:0 server certificate does NOT include an ID which matches the server name
[Fri Nov 18 15:40:30.175954 2022] [ssl:warn] [pid 2568:tid 392] AH01909: transtama-jobsheet.local:443:0 server certificate does NOT include an ID which matches the server name
[Fri Nov 18 15:40:30.223535 2022] [ssl:warn] [pid 2568:tid 392] AH01909: transtama-jobsheet.local:443:0 server certificate does NOT include an ID which matches the server name
[Fri Nov 18 17:14:28.757719 2022] [ssl:warn] [pid 12192:tid 388] AH01909: transtama-jobsheet.local:443:0 server certificate does NOT include an ID which matches the server name
[Fri Nov 18 17:14:28.820726 2022] [ssl:warn] [pid 12192:tid 388] AH01909: transtama-jobsheet.local:443:0 server certificate does NOT include an ID which matches the server name
[Fri Nov 18 17:14:29.452776 2022] [ssl:warn] [pid 20216:tid 436] AH01909: transtama-jobsheet.local:443:0 server certificate does NOT include an ID which matches the server name
[Fri Nov 18 17:14:29.524781 2022] [ssl:warn] [pid 20216:tid 436] AH01909: transtama-jobsheet.local:443:0 server certificate does NOT include an ID which matches the server name
[Fri Nov 18 20:23:08.278783 2022] [ssl:warn] [pid 4388:tid 384] AH01909: transtama-jobsheet.local:443:0 server certificate does NOT include an ID which matches the server name
[Fri Nov 18 20:23:08.408279 2022] [ssl:warn] [pid 4388:tid 384] AH01909: transtama-jobsheet.local:443:0 server certificate does NOT include an ID which matches the server name
[Fri Nov 18 20:23:12.264677 2022] [ssl:warn] [pid 8964:tid 380] AH01909: transtama-jobsheet.local:443:0 server certificate does NOT include an ID which matches the server name
[Fri Nov 18 20:23:12.349348 2022] [ssl:warn] [pid 8964:tid 380] AH01909: transtama-jobsheet.local:443:0 server certificate does NOT include an ID which matches the server name
[Sat Nov 19 11:42:46.470270 2022] [ssl:warn] [pid 4960:tid 368] AH01909: transtama-jobsheet.local:443:0 server certificate does NOT include an ID which matches the server name
[Sat Nov 19 11:42:46.523659 2022] [ssl:warn] [pid 4960:tid 368] AH01909: transtama-jobsheet.local:443:0 server certificate does NOT include an ID which matches the server name
[Sat Nov 19 11:42:49.503887 2022] [ssl:warn] [pid 7488:tid 392] AH01909: transtama-jobsheet.local:443:0 server certificate does NOT include an ID which matches the server name
[Sat Nov 19 11:42:49.553273 2022] [ssl:warn] [pid 7488:tid 392] AH01909: transtama-jobsheet.local:443:0 server certificate does NOT include an ID which matches the server name
[Sat Nov 19 16:50:47.033877 2022] [ssl:warn] [pid 4664:tid 364] AH01909: transtama-jobsheet.local:443:0 server certificate does NOT include an ID which matches the server name
[Sat Nov 19 16:50:47.158331 2022] [ssl:warn] [pid 4664:tid 364] AH01909: transtama-jobsheet.local:443:0 server certificate does NOT include an ID which matches the server name
[Sat Nov 19 16:50:50.821277 2022] [ssl:warn] [pid 7648:tid 424] AH01909: transtama-jobsheet.local:443:0 server certificate does NOT include an ID which matches the server name
[Sat Nov 19 16:50:50.890295 2022] [ssl:warn] [pid 7648:tid 424] AH01909: transtama-jobsheet.local:443:0 server certificate does NOT include an ID which matches the server name
[Sat Nov 19 17:55:33.933007 2022] [ssl:warn] [pid 4532:tid 148] AH01909: transtama-jobsheet.local:443:0 server certificate does NOT include an ID which matches the server name
[Sat Nov 19 17:55:34.034183 2022] [ssl:warn] [pid 4532:tid 148] AH01909: transtama-jobsheet.local:443:0 server certificate does NOT include an ID which matches the server name
[Sat Nov 19 17:55:34.867801 2022] [ssl:warn] [pid 7136:tid 404] AH01909: transtama-jobsheet.local:443:0 server certificate does NOT include an ID which matches the server name
[Sat Nov 19 17:55:34.931126 2022] [ssl:warn] [pid 7136:tid 404] AH01909: transtama-jobsheet.local:443:0 server certificate does NOT include an ID which matches the server name
[Mon Nov 21 08:13:49.550772 2022] [ssl:warn] [pid 5072:tid 364] AH01909: transtama-jobsheet.local:443:0 server certificate does NOT include an ID which matches the server name
[Mon Nov 21 08:13:49.619782 2022] [ssl:warn] [pid 5072:tid 364] AH01909: transtama-jobsheet.local:443:0 server certificate does NOT include an ID which matches the server name
[Mon Nov 21 08:13:52.558924 2022] [ssl:warn] [pid 8992:tid 384] AH01909: transtama-jobsheet.local:443:0 server certificate does NOT include an ID which matches the server name
[Mon Nov 21 08:13:52.621425 2022] [ssl:warn] [pid 8992:tid 384] AH01909: transtama-jobsheet.local:443:0 server certificate does NOT include an ID which matches the server name
[Mon Nov 21 08:41:44.211414 2022] [ssl:warn] [pid 9936:tid 380] AH01909: transtama-jobsheet.local:443:0 server certificate does NOT include an ID which matches the server name
[Mon Nov 21 08:41:44.264832 2022] [ssl:warn] [pid 9936:tid 380] AH01909: transtama-jobsheet.local:443:0 server certificate does NOT include an ID which matches the server name
[Mon Nov 21 08:41:44.723531 2022] [ssl:warn] [pid 18772:tid 392] AH01909: transtama-jobsheet.local:443:0 server certificate does NOT include an ID which matches the server name
[Mon Nov 21 08:41:44.776904 2022] [ssl:warn] [pid 18772:tid 392] AH01909: transtama-jobsheet.local:443:0 server certificate does NOT include an ID which matches the server name
[Mon Nov 21 08:48:11.400992 2022] [ssl:warn] [pid 4652:tid 388] AH01909: transtama-jobsheet.local:443:0 server certificate does NOT include an ID which matches the server name
[Mon Nov 21 08:48:11.470146 2022] [ssl:warn] [pid 4652:tid 388] AH01909: transtama-jobsheet.local:443:0 server certificate does NOT include an ID which matches the server name
[Mon Nov 21 08:48:11.907016 2022] [ssl:warn] [pid 2792:tid 400] AH01909: transtama-jobsheet.local:443:0 server certificate does NOT include an ID which matches the server name
[Mon Nov 21 08:48:11.952104 2022] [ssl:warn] [pid 2792:tid 400] AH01909: transtama-jobsheet.local:443:0 server certificate does NOT include an ID which matches the server name
[Mon Nov 21 08:50:36.803949 2022] [ssl:warn] [pid 8956:tid 376] AH01909: transtama-jobsheet.local:443:0 server certificate does NOT include an ID which matches the server name
[Mon Nov 21 08:50:36.873294 2022] [ssl:warn] [pid 8956:tid 376] AH01909: transtama-jobsheet.local:443:0 server certificate does NOT include an ID which matches the server name
[Mon Nov 21 08:50:37.320843 2022] [ssl:warn] [pid 8004:tid 396] AH01909: transtama-jobsheet.local:443:0 server certificate does NOT include an ID which matches the server name
[Mon Nov 21 08:50:37.375604 2022] [ssl:warn] [pid 8004:tid 396] AH01909: transtama-jobsheet.local:443:0 server certificate does NOT include an ID which matches the server name
[Mon Nov 21 08:52:43.755463 2022] [ssl:warn] [pid 2636:tid 392] AH01909: transtama-jobsheet.local:443:0 server certificate does NOT include an ID which matches the server name
[Mon Nov 21 08:52:43.808869 2022] [ssl:warn] [pid 2636:tid 392] AH01909: transtama-jobsheet.local:443:0 server certificate does NOT include an ID which matches the server name
[Mon Nov 21 08:52:44.251572 2022] [ssl:warn] [pid 11004:tid 400] AH01909: transtama-jobsheet.local:443:0 server certificate does NOT include an ID which matches the server name
[Mon Nov 21 08:52:44.298468 2022] [ssl:warn] [pid 11004:tid 400] AH01909: transtama-jobsheet.local:443:0 server certificate does NOT include an ID which matches the server name
[Mon Nov 21 17:45:54.572080 2022] [ssl:warn] [pid 5136:tid 364] AH01909: transtama-jobsheet.local:443:0 server certificate does NOT include an ID which matches the server name
[Mon Nov 21 17:45:54.733852 2022] [ssl:warn] [pid 5136:tid 364] AH01909: transtama-jobsheet.local:443:0 server certificate does NOT include an ID which matches the server name
[Mon Nov 21 17:45:58.293091 2022] [ssl:warn] [pid 8956:tid 432] AH01909: transtama-jobsheet.local:443:0 server certificate does NOT include an ID which matches the server name
[Mon Nov 21 17:45:58.378241 2022] [ssl:warn] [pid 8956:tid 432] AH01909: transtama-jobsheet.local:443:0 server certificate does NOT include an ID which matches the server name
[Mon Nov 21 17:59:08.391637 2022] [ssl:warn] [pid 5412:tid 152] AH01909: transtama-jobsheet.local:443:0 server certificate does NOT include an ID which matches the server name
[Mon Nov 21 17:59:08.494801 2022] [ssl:warn] [pid 5412:tid 152] AH01909: transtama-jobsheet.local:443:0 server certificate does NOT include an ID which matches the server name
[Mon Nov 21 17:59:11.563880 2022] [ssl:warn] [pid 8552:tid 380] AH01909: transtama-jobsheet.local:443:0 server certificate does NOT include an ID which matches the server name
[Mon Nov 21 17:59:11.664157 2022] [ssl:warn] [pid 8552:tid 380] AH01909: transtama-jobsheet.local:443:0 server certificate does NOT include an ID which matches the server name
[Mon Nov 21 22:12:06.091426 2022] [ssl:warn] [pid 4888:tid 364] AH01909: transtama-jobsheet.local:443:0 server certificate does NOT include an ID which matches the server name
[Mon Nov 21 22:12:06.176069 2022] [ssl:warn] [pid 4888:tid 364] AH01909: transtama-jobsheet.local:443:0 server certificate does NOT include an ID which matches the server name
[Mon Nov 21 22:12:08.877320 2022] [ssl:warn] [pid 8420:tid 380] AH01909: transtama-jobsheet.local:443:0 server certificate does NOT include an ID which matches the server name
[Mon Nov 21 22:12:08.944036 2022] [ssl:warn] [pid 8420:tid 380] AH01909: transtama-jobsheet.local:443:0 server certificate does NOT include an ID which matches the server name
[Mon Nov 21 22:23:07.314721 2022] [ssl:warn] [pid 4700:tid 116] AH01909: transtama-jobsheet.local:443:0 server certificate does NOT include an ID which matches the server name
[Mon Nov 21 22:23:07.383764 2022] [ssl:warn] [pid 4700:tid 116] AH01909: transtama-jobsheet.local:443:0 server certificate does NOT include an ID which matches the server name
[Mon Nov 21 22:23:10.601349 2022] [ssl:warn] [pid 7436:tid 380] AH01909: transtama-jobsheet.local:443:0 server certificate does NOT include an ID which matches the server name
[Mon Nov 21 22:23:10.670563 2022] [ssl:warn] [pid 7436:tid 380] AH01909: transtama-jobsheet.local:443:0 server certificate does NOT include an ID which matches the server name
[Tue Nov 22 08:25:43.737795 2022] [ssl:warn] [pid 4960:tid 388] AH01909: transtama-jobsheet.local:443:0 server certificate does NOT include an ID which matches the server name
[Tue Nov 22 08:25:43.867702 2022] [ssl:warn] [pid 4960:tid 388] AH01909: transtama-jobsheet.local:443:0 server certificate does NOT include an ID which matches the server name
[Tue Nov 22 08:25:46.803580 2022] [ssl:warn] [pid 9036:tid 380] AH01909: transtama-jobsheet.local:443:0 server certificate does NOT include an ID which matches the server name
[Tue Nov 22 08:25:46.884833 2022] [ssl:warn] [pid 9036:tid 380] AH01909: transtama-jobsheet.local:443:0 server certificate does NOT include an ID which matches the server name
[Tue Nov 22 09:38:01.478455 2022] [ssl:warn] [pid 5940:tid 364] AH01909: transtama-jobsheet.local:443:0 server certificate does NOT include an ID which matches the server name
[Tue Nov 22 09:38:01.540974 2022] [ssl:warn] [pid 5940:tid 364] AH01909: transtama-jobsheet.local:443:0 server certificate does NOT include an ID which matches the server name
[Tue Nov 22 09:38:02.223958 2022] [ssl:warn] [pid 10092:tid 392] AH01909: transtama-jobsheet.local:443:0 server certificate does NOT include an ID which matches the server name
[Tue Nov 22 09:38:02.271279 2022] [ssl:warn] [pid 10092:tid 392] AH01909: transtama-jobsheet.local:443:0 server certificate does NOT include an ID which matches the server name
[Tue Nov 22 09:45:14.488783 2022] [ssl:warn] [pid 9396:tid 424] AH01909: transtama-jobsheet.local:443:0 server certificate does NOT include an ID which matches the server name
[Tue Nov 22 09:45:14.574792 2022] [ssl:warn] [pid 9396:tid 424] AH01909: transtama-jobsheet.local:443:0 server certificate does NOT include an ID which matches the server name
[Tue Nov 22 09:45:15.254211 2022] [ssl:warn] [pid 1892:tid 428] AH01909: transtama-jobsheet.local:443:0 server certificate does NOT include an ID which matches the server name
[Tue Nov 22 09:45:15.311216 2022] [ssl:warn] [pid 1892:tid 428] AH01909: transtama-jobsheet.local:443:0 server certificate does NOT include an ID which matches the server name
[Tue Nov 22 09:51:12.819222 2022] [ssl:warn] [pid 6932:tid 380] AH01909: transtama-jobsheet.local:443:0 server certificate does NOT include an ID which matches the server name
[Tue Nov 22 09:51:12.913221 2022] [ssl:warn] [pid 6932:tid 380] AH01909: transtama-jobsheet.local:443:0 server certificate does NOT include an ID which matches the server name
[Tue Nov 22 09:51:13.652281 2022] [ssl:warn] [pid 10672:tid 392] AH01909: transtama-jobsheet.local:443:0 server certificate does NOT include an ID which matches the server name
[Tue Nov 22 09:51:13.708285 2022] [ssl:warn] [pid 10672:tid 392] AH01909: transtama-jobsheet.local:443:0 server certificate does NOT include an ID which matches the server name
[Tue Nov 22 09:56:41.241249 2022] [ssl:warn] [pid 14584:tid 388] AH01909: transtama-jobsheet.local:443:0 server certificate does NOT include an ID which matches the server name
[Tue Nov 22 09:56:41.303630 2022] [ssl:warn] [pid 14584:tid 388] AH01909: transtama-jobsheet.local:443:0 server certificate does NOT include an ID which matches the server name
[Tue Nov 22 09:56:41.823955 2022] [ssl:warn] [pid 11344:tid 420] AH01909: transtama-jobsheet.local:443:0 server certificate does NOT include an ID which matches the server name
[Tue Nov 22 09:56:41.870671 2022] [ssl:warn] [pid 11344:tid 420] AH01909: transtama-jobsheet.local:443:0 server certificate does NOT include an ID which matches the server name
[Tue Nov 22 10:14:21.987995 2022] [ssl:warn] [pid 4488:tid 376] AH01909: transtama-jobsheet.local:443:0 server certificate does NOT include an ID which matches the server name
[Tue Nov 22 10:14:22.177846 2022] [ssl:warn] [pid 4488:tid 376] AH01909: transtama-jobsheet.local:443:0 server certificate does NOT include an ID which matches the server name
[Tue Nov 22 10:14:23.215464 2022] [ssl:warn] [pid 8188:tid 384] AH01909: transtama-jobsheet.local:443:0 server certificate does NOT include an ID which matches the server name
[Tue Nov 22 10:14:23.262340 2022] [ssl:warn] [pid 8188:tid 384] AH01909: transtama-jobsheet.local:443:0 server certificate does NOT include an ID which matches the server name
[Tue Nov 22 10:23:21.413468 2022] [ssl:warn] [pid 4488:tid 376] AH01909: transtama-jobsheet.local:443:0 server certificate does NOT include an ID which matches the server name
[Tue Nov 22 10:23:22.409942 2022] [ssl:warn] [pid 14736:tid 392] AH01909: transtama-jobsheet.local:443:0 server certificate does NOT include an ID which matches the server name
[Tue Nov 22 10:23:22.526355 2022] [ssl:warn] [pid 14736:tid 392] AH01909: transtama-jobsheet.local:443:0 server certificate does NOT include an ID which matches the server name
